[ 2020-05-28T17:50:10+08:00 ] 221.223.195.141 /index.php?g=api&m=checkcode&a=index&length=4&font_size=20&width=248&height=42&use_noise=1&use_curve=0
INFO: [ app_init ] --START--
INFO: Run Behavior\BuildLiteBehavior [ RunTime:0.000017s ]
INFO: Run Common\Behavior\InitHookBehavior [ RunTime:0.001013s ]
INFO: [ app_init ] --END-- [ RunTime:0.001321s ]
INFO: [ app_begin ] --START--
INFO: Run Behavior\ReadHtmlCacheBehavior [ RunTime:0.000347s ]
INFO: Run Behavior\CheckLangBehavior [ RunTime:0.000389s ]
INFO: [ app_begin ] --END-- [ RunTime:0.000804s ]
INFO: [ app_end ] --START--
INFO: Run Behavior\ShowPageTraceBehavior [ RunTime:0.000445s ]
INFO: [ app_end ] --END-- [ RunTime:0.000490s ]

[ 2020-05-28T21:10:02+08:00 ] 42.236.10.125 /index.php?g=api&m=checkcode&a=index&length=4&font_size=20&width=248&height=42&use_noise=1&use_curve=0
INFO: [ app_init ] --START--
INFO: Run Behavior\BuildLiteBehavior [ RunTime:0.000013s ]
INFO: Run Common\Behavior\InitHookBehavior [ RunTime:0.000936s ]
INFO: [ app_init ] --END-- [ RunTime:0.001201s ]
INFO: [ app_begin ] --START--
INFO: Run Behavior\ReadHtmlCacheBehavior [ RunTime:0.000354s ]
INFO: Run Behavior\CheckLangBehavior [ RunTime:0.000379s ]
INFO: [ app_begin ] --END-- [ RunTime:0.000796s ]
INFO: [ app_end ] --START--
INFO: Run Behavior\ShowPageTraceBehavior [ RunTime:0.000372s ]
INFO: [ app_end ] --END-- [ RunTime:0.000408s ]

