[ 2020-06-12T08:14:04+08:00 ] 220.181.108.116 /index.php?g=portal&m=page&a=news&id=26
INFO: [ app_init ] --START--
INFO: Run Behavior\BuildLiteBehavior [ RunTime:0.000012s ]
INFO: Run Common\Behavior\InitHookBehavior [ RunTime:0.000902s ]
INFO: [ app_init ] --END-- [ RunTime:0.001146s ]
INFO: [ app_begin ] --START--
INFO: Run Behavior\ReadHtmlCacheBehavior [ RunTime:0.000349s ]
INFO: Run Behavior\CheckLangBehavior [ RunTime:0.000402s ]
INFO: [ app_begin ] --END-- [ RunTime:0.000804s ]
INFO: [ view_parse ] --START--
INFO: [ template_filter ] --START--
INFO: Run Behavior\ContentReplaceBehavior [ RunTime:0.000053s ]
INFO: [ template_filter ] --END-- [ RunTime:0.000093s ]
NOTIC: [8] Undefined variable: user /www/wwwroot/demo20.nut5g.com/data/runtime/Cache/Portal/4e7d45d3c7a6effe724595d64ca9eae6.php 第 35 行.
INFO: Run Behavior\ParseTemplateBehavior [ RunTime:0.008054s ]
INFO: [ view_parse ] --END-- [ RunTime:0.008096s ]
INFO: [ view_filter ] --START--
INFO: Run Behavior\WriteHtmlCacheBehavior [ RunTime:0.000133s ]
INFO: Run Common\Behavior\TmplStripSpaceBehavior [ RunTime:0.000142s ]
INFO: [ view_filter ] --END-- [ RunTime:0.000307s ]
INFO: [ app_end ] --START--
INFO: Run Behavior\ShowPageTraceBehavior [ RunTime:0.000383s ]
INFO: [ app_end ] --END-- [ RunTime:0.000410s ]

[ 2020-06-12T08:14:04+08:00 ] 220.181.108.150 /index.php?g=portal&m=page&a=news&id=26
INFO: [ app_init ] --START--
INFO: Run Behavior\BuildLiteBehavior [ RunTime:0.000013s ]
INFO: Run Common\Behavior\InitHookBehavior [ RunTime:0.000842s ]
INFO: [ app_init ] --END-- [ RunTime:0.001124s ]
INFO: [ app_begin ] --START--
INFO: Run Behavior\ReadHtmlCacheBehavior [ RunTime:0.000332s ]
INFO: Run Behavior\CheckLangBehavior [ RunTime:0.000378s ]
INFO: [ app_begin ] --END-- [ RunTime:0.000759s ]
INFO: [ view_parse ] --START--
INFO: [ template_filter ] --START--
INFO: Run Behavior\ContentReplaceBehavior [ RunTime:0.000070s ]
INFO: [ template_filter ] --END-- [ RunTime:0.000118s ]
NOTIC: [8] Undefined variable: user /www/wwwroot/demo20.nut5g.com/data/runtime/Cache/Portal/4e7d45d3c7a6effe724595d64ca9eae6.php 第 35 行.
INFO: Run Behavior\ParseTemplateBehavior [ RunTime:0.008455s ]
INFO: [ view_parse ] --END-- [ RunTime:0.008500s ]
INFO: [ view_filter ] --START--
INFO: Run Behavior\WriteHtmlCacheBehavior [ RunTime:0.000141s ]
INFO: Run Common\Behavior\TmplStripSpaceBehavior [ RunTime:0.000180s ]
INFO: [ view_filter ] --END-- [ RunTime:0.000362s ]
INFO: [ app_end ] --START--
INFO: Run Behavior\ShowPageTraceBehavior [ RunTime:0.000346s ]
INFO: [ app_end ] --END-- [ RunTime:0.000372s ]

[ 2020-06-12T08:25:45+08:00 ] 72.79.58.112 /index.php?g=portal&m=page&a=news&id=26
INFO: [ app_init ] --START--
INFO: Run Behavior\BuildLiteBehavior [ RunTime:0.000012s ]
INFO: Run Common\Behavior\InitHookBehavior [ RunTime:0.000940s ]
INFO: [ app_init ] --END-- [ RunTime:0.001194s ]
INFO: [ app_begin ] --START--
INFO: Run Behavior\ReadHtmlCacheBehavior [ RunTime:0.000330s ]
INFO: Run Behavior\CheckLangBehavior [ RunTime:0.000395s ]
INFO: [ app_begin ] --END-- [ RunTime:0.000776s ]
INFO: [ view_parse ] --START--
INFO: [ template_filter ] --START--
INFO: Run Behavior\ContentReplaceBehavior [ RunTime:0.000050s ]
INFO: [ template_filter ] --END-- [ RunTime:0.000092s ]
NOTIC: [8] Undefined variable: user /www/wwwroot/demo20.nut5g.com/data/runtime/Cache/Portal/4e7d45d3c7a6effe724595d64ca9eae6.php 第 35 行.
INFO: Run Behavior\ParseTemplateBehavior [ RunTime:0.008504s ]
INFO: [ view_parse ] --END-- [ RunTime:0.008547s ]
INFO: [ view_filter ] --START--
INFO: Run Behavior\WriteHtmlCacheBehavior [ RunTime:0.000152s ]
INFO: Run Common\Behavior\TmplStripSpaceBehavior [ RunTime:0.000133s ]
INFO: [ view_filter ] --END-- [ RunTime:0.000320s ]
INFO: [ app_end ] --START--
INFO: Run Behavior\ShowPageTraceBehavior [ RunTime:0.000349s ]
INFO: [ app_end ] --END-- [ RunTime:0.000375s ]

[ 2020-06-12T08:25:56+08:00 ] 72.79.58.112 /index.php?g=portal&m=page&a=news&id=26
INFO: [ app_init ] --START--
INFO: Run Behavior\BuildLiteBehavior [ RunTime:0.000014s ]
INFO: Run Common\Behavior\InitHookBehavior [ RunTime:0.000868s ]
INFO: [ app_init ] --END-- [ RunTime:0.001142s ]
INFO: [ app_begin ] --START--
INFO: Run Behavior\ReadHtmlCacheBehavior [ RunTime:0.000398s ]
INFO: Run Behavior\CheckLangBehavior [ RunTime:0.000571s ]
INFO: [ app_begin ] --END-- [ RunTime:0.001036s ]
INFO: [ view_parse ] --START--
INFO: [ template_filter ] --START--
INFO: Run Behavior\ContentReplaceBehavior [ RunTime:0.000054s ]
INFO: [ template_filter ] --END-- [ RunTime:0.000098s ]
NOTIC: [8] Undefined variable: user /www/wwwroot/demo20.nut5g.com/data/runtime/Cache/Portal/4e7d45d3c7a6effe724595d64ca9eae6.php 第 35 行.
INFO: Run Behavior\ParseTemplateBehavior [ RunTime:0.007717s ]
INFO: [ view_parse ] --END-- [ RunTime:0.007757s ]
INFO: [ view_filter ] --START--
INFO: Run Behavior\WriteHtmlCacheBehavior [ RunTime:0.000138s ]
INFO: Run Common\Behavior\TmplStripSpaceBehavior [ RunTime:0.000133s ]
INFO: [ view_filter ] --END-- [ RunTime:0.000306s ]
INFO: [ app_end ] --START--
INFO: Run Behavior\ShowPageTraceBehavior [ RunTime:0.000346s ]
INFO: [ app_end ] --END-- [ RunTime:0.000371s ]

[ 2020-06-12T08:25:57+08:00 ] 72.79.58.112 /index.php?g=portal&m=page&a=news&id=26
INFO: [ app_init ] --START--
INFO: Run Behavior\BuildLiteBehavior [ RunTime:0.000017s ]
INFO: Run Common\Behavior\InitHookBehavior [ RunTime:0.000956s ]
INFO: [ app_init ] --END-- [ RunTime:0.001227s ]
INFO: [ app_begin ] --START--
INFO: Run Behavior\ReadHtmlCacheBehavior [ RunTime:0.000335s ]
INFO: Run Behavior\CheckLangBehavior [ RunTime:0.000392s ]
INFO: [ app_begin ] --END-- [ RunTime:0.000787s ]
INFO: [ view_parse ] --START--
INFO: [ template_filter ] --START--
INFO: Run Behavior\ContentReplaceBehavior [ RunTime:0.000073s ]
INFO: [ template_filter ] --END-- [ RunTime:0.000131s ]
NOTIC: [8] Undefined variable: user /www/wwwroot/demo20.nut5g.com/data/runtime/Cache/Portal/4e7d45d3c7a6effe724595d64ca9eae6.php 第 35 行.
INFO: Run Behavior\ParseTemplateBehavior [ RunTime:0.009543s ]
INFO: [ view_parse ] --END-- [ RunTime:0.009607s ]
INFO: [ view_filter ] --START--
INFO: Run Behavior\WriteHtmlCacheBehavior [ RunTime:0.000193s ]
INFO: Run Common\Behavior\TmplStripSpaceBehavior [ RunTime:0.000188s ]
INFO: [ view_filter ] --END-- [ RunTime:0.000434s ]
INFO: [ app_end ] --START--
INFO: Run Behavior\ShowPageTraceBehavior [ RunTime:0.000479s ]
INFO: [ app_end ] --END-- [ RunTime:0.000516s ]

[ 2020-06-12T08:26:00+08:00 ] 72.79.58.112 /index.php?g=portal&m=page&a=news&id=25
INFO: [ app_init ] --START--
INFO: Run Behavior\BuildLiteBehavior [ RunTime:0.000014s ]
INFO: Run Common\Behavior\InitHookBehavior [ RunTime:0.000880s ]
INFO: [ app_init ] --END-- [ RunTime:0.001144s ]
INFO: [ app_begin ] --START--
INFO: Run Behavior\ReadHtmlCacheBehavior [ RunTime:0.000330s ]
INFO: Run Behavior\CheckLangBehavior [ RunTime:0.000382s ]
INFO: [ app_begin ] --END-- [ RunTime:0.000762s ]
INFO: [ view_parse ] --START--
INFO: [ template_filter ] --START--
INFO: Run Behavior\ContentReplaceBehavior [ RunTime:0.000052s ]
INFO: [ template_filter ] --END-- [ RunTime:0.000094s ]
NOTIC: [8] Undefined variable: user /www/wwwroot/demo20.nut5g.com/data/runtime/Cache/Portal/4e7d45d3c7a6effe724595d64ca9eae6.php 第 35 行.
INFO: Run Behavior\ParseTemplateBehavior [ RunTime:0.007881s ]
INFO: [ view_parse ] --END-- [ RunTime:0.007919s ]
INFO: [ view_filter ] --START--
INFO: Run Behavior\WriteHtmlCacheBehavior [ RunTime:0.000145s ]
INFO: Run Common\Behavior\TmplStripSpaceBehavior [ RunTime:0.000134s ]
INFO: [ view_filter ] --END-- [ RunTime:0.000313s ]
INFO: [ app_end ] --START--
INFO: Run Behavior\ShowPageTraceBehavior [ RunTime:0.000351s ]
INFO: [ app_end ] --END-- [ RunTime:0.000377s ]

[ 2020-06-12T08:26:01+08:00 ] 72.79.58.112 /index.php?g=portal&m=page&a=news&id=25
INFO: [ app_init ] --START--
INFO: Run Behavior\BuildLiteBehavior [ RunTime:0.000014s ]
INFO: Run Common\Behavior\InitHookBehavior [ RunTime:0.000920s ]
INFO: [ app_init ] --END-- [ RunTime:0.001207s ]
INFO: [ app_begin ] --START--
INFO: Run Behavior\ReadHtmlCacheBehavior [ RunTime:0.000481s ]
INFO: Run Behavior\CheckLangBehavior [ RunTime:0.000565s ]
INFO: [ app_begin ] --END-- [ RunTime:0.001149s ]
INFO: [ view_parse ] --START--
INFO: [ template_filter ] --START--
INFO: Run Behavior\ContentReplaceBehavior [ RunTime:0.000054s ]
INFO: [ template_filter ] --END-- [ RunTime:0.000101s ]
NOTIC: [8] Undefined variable: user /www/wwwroot/demo20.nut5g.com/data/runtime/Cache/Portal/4e7d45d3c7a6effe724595d64ca9eae6.php 第 35 行.
INFO: Run Behavior\ParseTemplateBehavior [ RunTime:0.008636s ]
INFO: [ view_parse ] --END-- [ RunTime:0.008676s ]
INFO: [ view_filter ] --START--
INFO: Run Behavior\WriteHtmlCacheBehavior [ RunTime:0.000140s ]
INFO: Run Common\Behavior\TmplStripSpaceBehavior [ RunTime:0.000134s ]
INFO: [ view_filter ] --END-- [ RunTime:0.000307s ]
INFO: [ app_end ] --START--
INFO: Run Behavior\ShowPageTraceBehavior [ RunTime:0.000341s ]
INFO: [ app_end ] --END-- [ RunTime:0.000366s ]

[ 2020-06-12T08:26:03+08:00 ] 72.79.58.112 /index.php?g=portal&m=page&a=news&id=28
INFO: [ app_init ] --START--
INFO: Run Behavior\BuildLiteBehavior [ RunTime:0.000013s ]
INFO: Run Common\Behavior\InitHookBehavior [ RunTime:0.000883s ]
INFO: [ app_init ] --END-- [ RunTime:0.001128s ]
INFO: [ app_begin ] --START--
INFO: Run Behavior\ReadHtmlCacheBehavior [ RunTime:0.000322s ]
INFO: Run Behavior\CheckLangBehavior [ RunTime:0.000411s ]
INFO: [ app_begin ] --END-- [ RunTime:0.000785s ]
INFO: [ view_parse ] --START--
INFO: [ template_filter ] --START--
INFO: Run Behavior\ContentReplaceBehavior [ RunTime:0.000056s ]
INFO: [ template_filter ] --END-- [ RunTime:0.000102s ]
NOTIC: [8] Undefined variable: user /www/wwwroot/demo20.nut5g.com/data/runtime/Cache/Portal/4e7d45d3c7a6effe724595d64ca9eae6.php 第 35 行.
INFO: Run Behavior\ParseTemplateBehavior [ RunTime:0.007871s ]
INFO: [ view_parse ] --END-- [ RunTime:0.007911s ]
INFO: [ view_filter ] --START--
INFO: Run Behavior\WriteHtmlCacheBehavior [ RunTime:0.000131s ]
INFO: Run Common\Behavior\TmplStripSpaceBehavior [ RunTime:0.000133s ]
INFO: [ view_filter ] --END-- [ RunTime:0.000309s ]
INFO: [ app_end ] --START--
INFO: Run Behavior\ShowPageTraceBehavior [ RunTime:0.000325s ]
INFO: [ app_end ] --END-- [ RunTime:0.000350s ]

[ 2020-06-12T08:26:03+08:00 ] 72.79.58.112 /index.php?g=portal&m=page&a=news&id=28
INFO: [ app_init ] --START--
INFO: Run Behavior\BuildLiteBehavior [ RunTime:0.000013s ]
INFO: Run Common\Behavior\InitHookBehavior [ RunTime:0.000932s ]
INFO: [ app_init ] --END-- [ RunTime:0.001217s ]
INFO: [ app_begin ] --START--
INFO: Run Behavior\ReadHtmlCacheBehavior [ RunTime:0.000357s ]
INFO: Run Behavior\CheckLangBehavior [ RunTime:0.000403s ]
INFO: [ app_begin ] --END-- [ RunTime:0.000814s ]
INFO: [ view_parse ] --START--
INFO: [ template_filter ] --START--
INFO: Run Behavior\ContentReplaceBehavior [ RunTime:0.000055s ]
INFO: [ template_filter ] --END-- [ RunTime:0.000099s ]
NOTIC: [8] Undefined variable: user /www/wwwroot/demo20.nut5g.com/data/runtime/Cache/Portal/4e7d45d3c7a6effe724595d64ca9eae6.php 第 35 行.
INFO: Run Behavior\ParseTemplateBehavior [ RunTime:0.008281s ]
INFO: [ view_parse ] --END-- [ RunTime:0.008323s ]
INFO: [ view_filter ] --START--
INFO: Run Behavior\WriteHtmlCacheBehavior [ RunTime:0.000158s ]
INFO: Run Common\Behavior\TmplStripSpaceBehavior [ RunTime:0.000135s ]
INFO: [ view_filter ] --END-- [ RunTime:0.000328s ]
INFO: [ app_end ] --START--
INFO: Run Behavior\ShowPageTraceBehavior [ RunTime:0.000348s ]
INFO: [ app_end ] --END-- [ RunTime:0.000387s ]

[ 2020-06-12T08:26:05+08:00 ] 72.79.58.112 /index.php?g=portal&m=page&a=news&id=27
INFO: [ app_init ] --START--
INFO: Run Behavior\BuildLiteBehavior [ RunTime:0.000013s ]
INFO: Run Common\Behavior\InitHookBehavior [ RunTime:0.000994s ]
INFO: [ app_init ] --END-- [ RunTime:0.001281s ]
INFO: [ app_begin ] --START--
INFO: Run Behavior\ReadHtmlCacheBehavior [ RunTime:0.000452s ]
INFO: Run Behavior\CheckLangBehavior [ RunTime:0.000613s ]
INFO: [ app_begin ] --END-- [ RunTime:0.001142s ]
INFO: [ view_parse ] --START--
INFO: [ template_filter ] --START--
INFO: Run Behavior\ContentReplaceBehavior [ RunTime:0.000058s ]
INFO: [ template_filter ] --END-- [ RunTime:0.000113s ]
NOTIC: [8] Undefined variable: user /www/wwwroot/demo20.nut5g.com/data/runtime/Cache/Portal/4e7d45d3c7a6effe724595d64ca9eae6.php 第 35 行.
INFO: Run Behavior\ParseTemplateBehavior [ RunTime:0.008539s ]
INFO: [ view_parse ] --END-- [ RunTime:0.008585s ]
INFO: [ view_filter ] --START--
INFO: Run Behavior\WriteHtmlCacheBehavior [ RunTime:0.000159s ]
INFO: Run Common\Behavior\TmplStripSpaceBehavior [ RunTime:0.000157s ]
INFO: [ view_filter ] --END-- [ RunTime:0.000354s ]
INFO: [ app_end ] --START--
INFO: Run Behavior\ShowPageTraceBehavior [ RunTime:0.000372s ]
INFO: [ app_end ] --END-- [ RunTime:0.000408s ]

[ 2020-06-12T08:26:06+08:00 ] 72.79.58.112 /index.php?g=portal&m=page&a=news&id=27
INFO: [ app_init ] --START--
INFO: Run Behavior\BuildLiteBehavior [ RunTime:0.000013s ]
INFO: Run Common\Behavior\InitHookBehavior [ RunTime:0.000929s ]
INFO: [ app_init ] --END-- [ RunTime:0.001199s ]
INFO: [ app_begin ] --START--
INFO: Run Behavior\ReadHtmlCacheBehavior [ RunTime:0.000380s ]
INFO: Run Behavior\CheckLangBehavior [ RunTime:0.000464s ]
INFO: [ app_begin ] --END-- [ RunTime:0.000899s ]
INFO: [ view_parse ] --START--
INFO: [ template_filter ] --START--
INFO: Run Behavior\ContentReplaceBehavior [ RunTime:0.000052s ]
INFO: [ template_filter ] --END-- [ RunTime:0.000106s ]
NOTIC: [8] Undefined variable: user /www/wwwroot/demo20.nut5g.com/data/runtime/Cache/Portal/4e7d45d3c7a6effe724595d64ca9eae6.php 第 35 行.
INFO: Run Behavior\ParseTemplateBehavior [ RunTime:0.007866s ]
INFO: [ view_parse ] --END-- [ RunTime:0.007905s ]
INFO: [ view_filter ] --START--
INFO: Run Behavior\WriteHtmlCacheBehavior [ RunTime:0.000136s ]
INFO: Run Common\Behavior\TmplStripSpaceBehavior [ RunTime:0.000135s ]
INFO: [ view_filter ] --END-- [ RunTime:0.000331s ]
INFO: [ app_end ] --START--
INFO: Run Behavior\ShowPageTraceBehavior [ RunTime:0.000336s ]
INFO: [ app_end ] --END-- [ RunTime:0.000361s ]

[ 2020-06-12T09:34:10+08:00 ] 66.249.79.243 /index.php?g=portal&m=page&a=news&id=27
INFO: [ app_init ] --START--
INFO: Run Behavior\BuildLiteBehavior [ RunTime:0.000011s ]
INFO: Run Common\Behavior\InitHookBehavior [ RunTime:0.000910s ]
INFO: [ app_init ] --END-- [ RunTime:0.001177s ]
INFO: [ app_begin ] --START--
INFO: Run Behavior\ReadHtmlCacheBehavior [ RunTime:0.000337s ]
INFO: Run Behavior\CheckLangBehavior [ RunTime:0.000377s ]
INFO: [ app_begin ] --END-- [ RunTime:0.000779s ]
INFO: [ view_parse ] --START--
INFO: [ template_filter ] --START--
INFO: Run Behavior\ContentReplaceBehavior [ RunTime:0.000055s ]
INFO: [ template_filter ] --END-- [ RunTime:0.000098s ]
NOTIC: [8] Undefined variable: user /www/wwwroot/demo20.nut5g.com/data/runtime/Cache/Portal/4e7d45d3c7a6effe724595d64ca9eae6.php 第 35 行.
INFO: Run Behavior\ParseTemplateBehavior [ RunTime:0.008131s ]
INFO: [ view_parse ] --END-- [ RunTime:0.008173s ]
INFO: [ view_filter ] --START--
INFO: Run Behavior\WriteHtmlCacheBehavior [ RunTime:0.000163s ]
INFO: Run Common\Behavior\TmplStripSpaceBehavior [ RunTime:0.000136s ]
INFO: [ view_filter ] --END-- [ RunTime:0.000336s ]
INFO: [ app_end ] --START--
INFO: Run Behavior\ShowPageTraceBehavior [ RunTime:0.000340s ]
INFO: [ app_end ] --END-- [ RunTime:0.000370s ]

[ 2020-06-12T15:07:47+08:00 ] 181.177.112.187 /index.php?g=portal&m=page&a=news&id=28
INFO: [ app_init ] --START--
INFO: Run Behavior\BuildLiteBehavior [ RunTime:0.000015s ]
INFO: Run Common\Behavior\InitHookBehavior [ RunTime:0.001028s ]
INFO: [ app_init ] --END-- [ RunTime:0.001316s ]
INFO: [ app_begin ] --START--
INFO: Run Behavior\ReadHtmlCacheBehavior [ RunTime:0.000365s ]
INFO: Run Behavior\CheckLangBehavior [ RunTime:0.000383s ]
INFO: [ app_begin ] --END-- [ RunTime:0.000802s ]
INFO: [ view_parse ] --START--
INFO: [ template_filter ] --START--
INFO: Run Behavior\ContentReplaceBehavior [ RunTime:0.000053s ]
INFO: [ template_filter ] --END-- [ RunTime:0.000096s ]
NOTIC: [8] Undefined variable: user /www/wwwroot/demo20.nut5g.com/data/runtime/Cache/Portal/4e7d45d3c7a6effe724595d64ca9eae6.php 第 35 行.
INFO: Run Behavior\ParseTemplateBehavior [ RunTime:0.007879s ]
INFO: [ view_parse ] --END-- [ RunTime:0.007920s ]
INFO: [ view_filter ] --START--
INFO: Run Behavior\WriteHtmlCacheBehavior [ RunTime:0.000134s ]
INFO: Run Common\Behavior\TmplStripSpaceBehavior [ RunTime:0.000131s ]
INFO: [ view_filter ] --END-- [ RunTime:0.000298s ]
INFO: [ app_end ] --START--
INFO: Run Behavior\ShowPageTraceBehavior [ RunTime:0.000366s ]
INFO: [ app_end ] --END-- [ RunTime:0.000394s ]

[ 2020-06-12T15:08:00+08:00 ] 181.177.112.187 /index.php?g=portal&m=page&a=news&id=27
INFO: [ app_init ] --START--
INFO: Run Behavior\BuildLiteBehavior [ RunTime:0.000015s ]
INFO: Run Common\Behavior\InitHookBehavior [ RunTime:0.000885s ]
INFO: [ app_init ] --END-- [ RunTime:0.001176s ]
INFO: [ app_begin ] --START--
INFO: Run Behavior\ReadHtmlCacheBehavior [ RunTime:0.000332s ]
INFO: Run Behavior\CheckLangBehavior [ RunTime:0.000374s ]
INFO: [ app_begin ] --END-- [ RunTime:0.000760s ]
INFO: [ view_parse ] --START--
INFO: [ template_filter ] --START--
INFO: Run Behavior\ContentReplaceBehavior [ RunTime:0.000112s ]
INFO: [ template_filter ] --END-- [ RunTime:0.000164s ]
NOTIC: [8] Undefined variable: user /www/wwwroot/demo20.nut5g.com/data/runtime/Cache/Portal/4e7d45d3c7a6effe724595d64ca9eae6.php 第 35 行.
INFO: Run Behavior\ParseTemplateBehavior [ RunTime:0.008740s ]
INFO: [ view_parse ] --END-- [ RunTime:0.008781s ]
INFO: [ view_filter ] --START--
INFO: Run Behavior\WriteHtmlCacheBehavior [ RunTime:0.000133s ]
INFO: Run Common\Behavior\TmplStripSpaceBehavior [ RunTime:0.000163s ]
INFO: [ view_filter ] --END-- [ RunTime:0.000335s ]
INFO: [ app_end ] --START--
INFO: Run Behavior\ShowPageTraceBehavior [ RunTime:0.000349s ]
INFO: [ app_end ] --END-- [ RunTime:0.000375s ]

[ 2020-06-12T15:08:05+08:00 ] 181.177.112.187 /index.php?g=portal&m=page&a=news&id=25
INFO: [ app_init ] --START--
INFO: Run Behavior\BuildLiteBehavior [ RunTime:0.000014s ]
INFO: Run Common\Behavior\InitHookBehavior [ RunTime:0.000899s ]
INFO: [ app_init ] --END-- [ RunTime:0.001165s ]
INFO: [ app_begin ] --START--
INFO: Run Behavior\ReadHtmlCacheBehavior [ RunTime:0.000479s ]
INFO: Run Behavior\CheckLangBehavior [ RunTime:0.000647s ]
INFO: [ app_begin ] --END-- [ RunTime:0.001206s ]
INFO: [ view_parse ] --START--
INFO: [ template_filter ] --START--
INFO: Run Behavior\ContentReplaceBehavior [ RunTime:0.000067s ]
INFO: [ template_filter ] --END-- [ RunTime:0.000114s ]
NOTIC: [8] Undefined variable: user /www/wwwroot/demo20.nut5g.com/data/runtime/Cache/Portal/4e7d45d3c7a6effe724595d64ca9eae6.php 第 35 行.
INFO: Run Behavior\ParseTemplateBehavior [ RunTime:0.008271s ]
INFO: [ view_parse ] --END-- [ RunTime:0.008310s ]
INFO: [ view_filter ] --START--
INFO: Run Behavior\WriteHtmlCacheBehavior [ RunTime:0.000138s ]
INFO: Run Common\Behavior\TmplStripSpaceBehavior [ RunTime:0.000156s ]
INFO: [ view_filter ] --END-- [ RunTime:0.000329s ]
INFO: [ app_end ] --START--
INFO: Run Behavior\ShowPageTraceBehavior [ RunTime:0.000380s ]
INFO: [ app_end ] --END-- [ RunTime:0.000411s ]

[ 2020-06-12T15:08:10+08:00 ] 181.177.112.187 /index.php?g=portal&m=page&a=news&id=26
INFO: [ app_init ] --START--
INFO: Run Behavior\BuildLiteBehavior [ RunTime:0.000016s ]
INFO: Run Common\Behavior\InitHookBehavior [ RunTime:0.001002s ]
INFO: [ app_init ] --END-- [ RunTime:0.001310s ]
INFO: [ app_begin ] --START--
INFO: Run Behavior\ReadHtmlCacheBehavior [ RunTime:0.000320s ]
INFO: Run Behavior\CheckLangBehavior [ RunTime:0.000380s ]
INFO: [ app_begin ] --END-- [ RunTime:0.000751s ]
INFO: [ view_parse ] --START--
INFO: [ template_filter ] --START--
INFO: Run Behavior\ContentReplaceBehavior [ RunTime:0.000052s ]
INFO: [ template_filter ] --END-- [ RunTime:0.000095s ]
NOTIC: [8] Undefined variable: user /www/wwwroot/demo20.nut5g.com/data/runtime/Cache/Portal/4e7d45d3c7a6effe724595d64ca9eae6.php 第 35 行.
INFO: Run Behavior\ParseTemplateBehavior [ RunTime:0.008556s ]
INFO: [ view_parse ] --END-- [ RunTime:0.008594s ]
INFO: [ view_filter ] --START--
INFO: Run Behavior\WriteHtmlCacheBehavior [ RunTime:0.000135s ]
INFO: Run Common\Behavior\TmplStripSpaceBehavior [ RunTime:0.000146s ]
INFO: [ view_filter ] --END-- [ RunTime:0.000316s ]
INFO: [ app_end ] --START--
INFO: Run Behavior\ShowPageTraceBehavior [ RunTime:0.000327s ]
INFO: [ app_end ] --END-- [ RunTime:0.000353s ]

[ 2020-06-12T17:38:47+08:00 ] 181.177.112.188 /index.php?g=portal&m=page&a=news&id=28
INFO: [ app_init ] --START--
INFO: Run Behavior\BuildLiteBehavior [ RunTime:0.000012s ]
INFO: Run Common\Behavior\InitHookBehavior [ RunTime:0.001040s ]
INFO: [ app_init ] --END-- [ RunTime:0.001329s ]
INFO: [ app_begin ] --START--
INFO: Run Behavior\ReadHtmlCacheBehavior [ RunTime:0.000390s ]
INFO: Run Behavior\CheckLangBehavior [ RunTime:0.000390s ]
INFO: [ app_begin ] --END-- [ RunTime:0.000836s ]
INFO: [ view_parse ] --START--
INFO: [ template_filter ] --START--
INFO: Run Behavior\ContentReplaceBehavior [ RunTime:0.000080s ]
INFO: [ template_filter ] --END-- [ RunTime:0.000143s ]
NOTIC: [8] Undefined variable: user /www/wwwroot/demo20.nut5g.com/data/runtime/Cache/Portal/4e7d45d3c7a6effe724595d64ca9eae6.php 第 35 行.
INFO: Run Behavior\ParseTemplateBehavior [ RunTime:0.011223s ]
INFO: [ view_parse ] --END-- [ RunTime:0.011284s ]
INFO: [ view_filter ] --START--
INFO: Run Behavior\WriteHtmlCacheBehavior [ RunTime:0.000202s ]
INFO: Run Common\Behavior\TmplStripSpaceBehavior [ RunTime:0.000197s ]
INFO: [ view_filter ] --END-- [ RunTime:0.000470s ]
INFO: [ app_end ] --START--
INFO: Run Behavior\ShowPageTraceBehavior [ RunTime:0.000463s ]
INFO: [ app_end ] --END-- [ RunTime:0.000502s ]

[ 2020-06-12T17:39:09+08:00 ] 181.177.112.188 /index.php?g=portal&m=page&a=news&id=27
INFO: [ app_init ] --START--
INFO: Run Behavior\BuildLiteBehavior [ RunTime:0.000012s ]
INFO: Run Common\Behavior\InitHookBehavior [ RunTime:0.000894s ]
INFO: [ app_init ] --END-- [ RunTime:0.001173s ]
INFO: [ app_begin ] --START--
INFO: Run Behavior\ReadHtmlCacheBehavior [ RunTime:0.000449s ]
INFO: Run Behavior\CheckLangBehavior [ RunTime:0.000534s ]
INFO: [ app_begin ] --END-- [ RunTime:0.001052s ]
INFO: [ view_parse ] --START--
INFO: [ template_filter ] --START--
INFO: Run Behavior\ContentReplaceBehavior [ RunTime:0.000071s ]
INFO: [ template_filter ] --END-- [ RunTime:0.000119s ]
NOTIC: [8] Undefined variable: user /www/wwwroot/demo20.nut5g.com/data/runtime/Cache/Portal/4e7d45d3c7a6effe724595d64ca9eae6.php 第 35 行.
INFO: Run Behavior\ParseTemplateBehavior [ RunTime:0.010163s ]
INFO: [ view_parse ] --END-- [ RunTime:0.010214s ]
INFO: [ view_filter ] --START--
INFO: Run Behavior\WriteHtmlCacheBehavior [ RunTime:0.000141s ]
INFO: Run Common\Behavior\TmplStripSpaceBehavior [ RunTime:0.000180s ]
INFO: [ view_filter ] --END-- [ RunTime:0.000357s ]
INFO: [ app_end ] --START--
INFO: Run Behavior\ShowPageTraceBehavior [ RunTime:0.000452s ]
INFO: [ app_end ] --END-- [ RunTime:0.000481s ]

[ 2020-06-12T17:39:24+08:00 ] 181.177.112.188 /index.php?g=portal&m=page&a=news&id=25
INFO: [ app_init ] --START--
INFO: Run Behavior\BuildLiteBehavior [ RunTime:0.000013s ]
INFO: Run Common\Behavior\InitHookBehavior [ RunTime:0.000931s ]
INFO: [ app_init ] --END-- [ RunTime:0.001193s ]
INFO: [ app_begin ] --START--
INFO: Run Behavior\ReadHtmlCacheBehavior [ RunTime:0.000347s ]
INFO: Run Behavior\CheckLangBehavior [ RunTime:0.000407s ]
INFO: [ app_begin ] --END-- [ RunTime:0.000810s ]
INFO: [ view_parse ] --START--
INFO: [ template_filter ] --START--
INFO: Run Behavior\ContentReplaceBehavior [ RunTime:0.000054s ]
INFO: [ template_filter ] --END-- [ RunTime:0.000107s ]
NOTIC: [8] Undefined variable: user /www/wwwroot/demo20.nut5g.com/data/runtime/Cache/Portal/4e7d45d3c7a6effe724595d64ca9eae6.php 第 35 行.
INFO: Run Behavior\ParseTemplateBehavior [ RunTime:0.007937s ]
INFO: [ view_parse ] --END-- [ RunTime:0.007978s ]
INFO: [ view_filter ] --START--
INFO: Run Behavior\WriteHtmlCacheBehavior [ RunTime:0.000171s ]
INFO: Run Common\Behavior\TmplStripSpaceBehavior [ RunTime:0.000299s ]
INFO: [ view_filter ] --END-- [ RunTime:0.000512s ]
INFO: [ app_end ] --START--
INFO: Run Behavior\ShowPageTraceBehavior [ RunTime:0.000408s ]
INFO: [ app_end ] --END-- [ RunTime:0.000436s ]

[ 2020-06-12T17:39:34+08:00 ] 181.177.112.188 /index.php?g=portal&m=page&a=news&id=26
INFO: [ app_init ] --START--
INFO: Run Behavior\BuildLiteBehavior [ RunTime:0.000013s ]
INFO: Run Common\Behavior\InitHookBehavior [ RunTime:0.001047s ]
INFO: [ app_init ] --END-- [ RunTime:0.001307s ]
INFO: [ app_begin ] --START--
INFO: Run Behavior\ReadHtmlCacheBehavior [ RunTime:0.000374s ]
INFO: Run Behavior\CheckLangBehavior [ RunTime:0.000407s ]
INFO: [ app_begin ] --END-- [ RunTime:0.000835s ]
INFO: [ view_parse ] --START--
INFO: [ template_filter ] --START--
INFO: Run Behavior\ContentReplaceBehavior [ RunTime:0.000063s ]
INFO: [ template_filter ] --END-- [ RunTime:0.000106s ]
NOTIC: [8] Undefined variable: user /www/wwwroot/demo20.nut5g.com/data/runtime/Cache/Portal/4e7d45d3c7a6effe724595d64ca9eae6.php 第 35 行.
INFO: Run Behavior\ParseTemplateBehavior [ RunTime:0.008717s ]
INFO: [ view_parse ] --END-- [ RunTime:0.008762s ]
INFO: [ view_filter ] --START--
INFO: Run Behavior\WriteHtmlCacheBehavior [ RunTime:0.000136s ]
INFO: Run Common\Behavior\TmplStripSpaceBehavior [ RunTime:0.000161s ]
INFO: [ view_filter ] --END-- [ RunTime:0.000337s ]
INFO: [ app_end ] --START--
INFO: Run Behavior\ShowPageTraceBehavior [ RunTime:0.000345s ]
INFO: [ app_end ] --END-- [ RunTime:0.000377s ]

[ 2020-06-12T18:22:34+08:00 ] 220.181.108.139 /index.php?g=portal&m=page&a=news&id=25
INFO: [ app_init ] --START--
INFO: Run Behavior\BuildLiteBehavior [ RunTime:0.000016s ]
INFO: Run Common\Behavior\InitHookBehavior [ RunTime:0.001161s ]
INFO: [ app_init ] --END-- [ RunTime:0.001470s ]
INFO: [ app_begin ] --START--
INFO: Run Behavior\ReadHtmlCacheBehavior [ RunTime:0.000358s ]
INFO: Run Behavior\CheckLangBehavior [ RunTime:0.000474s ]
INFO: [ app_begin ] --END-- [ RunTime:0.000909s ]
INFO: [ view_parse ] --START--
INFO: [ template_filter ] --START--
INFO: Run Behavior\ContentReplaceBehavior [ RunTime:0.000056s ]
INFO: [ template_filter ] --END-- [ RunTime:0.000106s ]
NOTIC: [8] Undefined variable: user /www/wwwroot/demo20.nut5g.com/data/runtime/Cache/Portal/4e7d45d3c7a6effe724595d64ca9eae6.php 第 35 行.
INFO: Run Behavior\ParseTemplateBehavior [ RunTime:0.009074s ]
INFO: [ view_parse ] --END-- [ RunTime:0.009123s ]
INFO: [ view_filter ] --START--
INFO: Run Behavior\WriteHtmlCacheBehavior [ RunTime:0.000190s ]
INFO: Run Common\Behavior\TmplStripSpaceBehavior [ RunTime:0.000155s ]
INFO: [ view_filter ] --END-- [ RunTime:0.000380s ]
INFO: [ app_end ] --START--
INFO: Run Behavior\ShowPageTraceBehavior [ RunTime:0.000393s ]
INFO: [ app_end ] --END-- [ RunTime:0.000425s ]

[ 2020-06-12T18:22:34+08:00 ] 220.181.108.116 /index.php?g=portal&m=page&a=news&id=25
INFO: [ app_init ] --START--
INFO: Run Behavior\BuildLiteBehavior [ RunTime:0.000014s ]
INFO: Run Common\Behavior\InitHookBehavior [ RunTime:0.000881s ]
INFO: [ app_init ] --END-- [ RunTime:0.001135s ]
INFO: [ app_begin ] --START--
INFO: Run Behavior\ReadHtmlCacheBehavior [ RunTime:0.000340s ]
INFO: Run Behavior\CheckLangBehavior [ RunTime:0.000386s ]
INFO: [ app_begin ] --END-- [ RunTime:0.000777s ]
INFO: [ view_parse ] --START--
INFO: [ template_filter ] --START--
INFO: Run Behavior\ContentReplaceBehavior [ RunTime:0.000054s ]
INFO: [ template_filter ] --END-- [ RunTime:0.000094s ]
NOTIC: [8] Undefined variable: user /www/wwwroot/demo20.nut5g.com/data/runtime/Cache/Portal/4e7d45d3c7a6effe724595d64ca9eae6.php 第 35 行.
INFO: Run Behavior\ParseTemplateBehavior [ RunTime:0.008192s ]
INFO: [ view_parse ] --END-- [ RunTime:0.008232s ]
INFO: [ view_filter ] --START--
INFO: Run Behavior\WriteHtmlCacheBehavior [ RunTime:0.000141s ]
INFO: Run Common\Behavior\TmplStripSpaceBehavior [ RunTime:0.000174s ]
INFO: [ view_filter ] --END-- [ RunTime:0.000375s ]
INFO: [ app_end ] --START--
INFO: Run Behavior\ShowPageTraceBehavior [ RunTime:0.000410s ]
INFO: [ app_end ] --END-- [ RunTime:0.000462s ]

[ 2020-06-12T21:27:25+08:00 ] 66.249.79.245 /index.php?g=portal&m=page&a=news&id=27
INFO: [ app_init ] --START--
INFO: Run Behavior\BuildLiteBehavior [ RunTime:0.000012s ]
INFO: Run Common\Behavior\InitHookBehavior [ RunTime:0.000887s ]
INFO: [ app_init ] --END-- [ RunTime:0.001136s ]
INFO: [ app_begin ] --START--
INFO: Run Behavior\ReadHtmlCacheBehavior [ RunTime:0.000333s ]
INFO: Run Behavior\CheckLangBehavior [ RunTime:0.000421s ]
INFO: [ app_begin ] --END-- [ RunTime:0.000818s ]
INFO: [ view_parse ] --START--
INFO: [ template_filter ] --START--
INFO: Run Behavior\ContentReplaceBehavior [ RunTime:0.000053s ]
INFO: [ template_filter ] --END-- [ RunTime:0.000098s ]
NOTIC: [8] Undefined variable: user /www/wwwroot/demo20.nut5g.com/data/runtime/Cache/Portal/4e7d45d3c7a6effe724595d64ca9eae6.php 第 35 行.
INFO: Run Behavior\ParseTemplateBehavior [ RunTime:0.007965s ]
INFO: [ view_parse ] --END-- [ RunTime:0.008006s ]
INFO: [ view_filter ] --START--
INFO: Run Behavior\WriteHtmlCacheBehavior [ RunTime:0.000133s ]
INFO: Run Common\Behavior\TmplStripSpaceBehavior [ RunTime:0.000162s ]
INFO: [ view_filter ] --END-- [ RunTime:0.000334s ]
INFO: [ app_end ] --START--
INFO: Run Behavior\ShowPageTraceBehavior [ RunTime:0.000381s ]
INFO: [ app_end ] --END-- [ RunTime:0.000416s ]

[ 2020-06-12T21:54:43+08:00 ] 66.249.79.243 /index.php?g=portal&m=page&a=news&id=28
INFO: [ app_init ] --START--
INFO: Run Behavior\BuildLiteBehavior [ RunTime:0.000015s ]
INFO: Run Common\Behavior\InitHookBehavior [ RunTime:0.000861s ]
INFO: [ app_init ] --END-- [ RunTime:0.001151s ]
INFO: [ app_begin ] --START--
INFO: Run Behavior\ReadHtmlCacheBehavior [ RunTime:0.000309s ]
INFO: Run Behavior\CheckLangBehavior [ RunTime:0.000361s ]
INFO: [ app_begin ] --END-- [ RunTime:0.000731s ]
INFO: [ view_parse ] --START--
INFO: [ template_filter ] --START--
INFO: Run Behavior\ContentReplaceBehavior [ RunTime:0.000056s ]
INFO: [ template_filter ] --END-- [ RunTime:0.000101s ]
NOTIC: [8] Undefined variable: user /www/wwwroot/demo20.nut5g.com/data/runtime/Cache/Portal/4e7d45d3c7a6effe724595d64ca9eae6.php 第 35 行.
INFO: Run Behavior\ParseTemplateBehavior [ RunTime:0.009204s ]
INFO: [ view_parse ] --END-- [ RunTime:0.009243s ]
INFO: [ view_filter ] --START--
INFO: Run Behavior\WriteHtmlCacheBehavior [ RunTime:0.000151s ]
INFO: Run Common\Behavior\TmplStripSpaceBehavior [ RunTime:0.000221s ]
INFO: [ view_filter ] --END-- [ RunTime:0.000414s ]
INFO: [ app_end ] --START--
INFO: Run Behavior\ShowPageTraceBehavior [ RunTime:0.000430s ]
INFO: [ app_end ] --END-- [ RunTime:0.000460s ]

[ 2020-06-12T21:56:05+08:00 ] 66.249.79.245 /index.php?g=portal&m=page&a=news&id=26
INFO: [ app_init ] --START--
INFO: Run Behavior\BuildLiteBehavior [ RunTime:0.000014s ]
INFO: Run Common\Behavior\InitHookBehavior [ RunTime:0.000862s ]
INFO: [ app_init ] --END-- [ RunTime:0.001127s ]
INFO: [ app_begin ] --START--
INFO: Run Behavior\ReadHtmlCacheBehavior [ RunTime:0.000337s ]
INFO: Run Behavior\CheckLangBehavior [ RunTime:0.000378s ]
INFO: [ app_begin ] --END-- [ RunTime:0.000776s ]
INFO: [ view_parse ] --START--
INFO: [ template_filter ] --START--
INFO: Run Behavior\ContentReplaceBehavior [ RunTime:0.000056s ]
INFO: [ template_filter ] --END-- [ RunTime:0.000102s ]
NOTIC: [8] Undefined variable: user /www/wwwroot/demo20.nut5g.com/data/runtime/Cache/Portal/4e7d45d3c7a6effe724595d64ca9eae6.php 第 35 行.
INFO: Run Behavior\ParseTemplateBehavior [ RunTime:0.012048s ]
INFO: [ view_parse ] --END-- [ RunTime:0.012107s ]
INFO: [ view_filter ] --START--
INFO: Run Behavior\WriteHtmlCacheBehavior [ RunTime:0.000168s ]
INFO: Run Common\Behavior\TmplStripSpaceBehavior [ RunTime:0.000183s ]
INFO: [ view_filter ] --END-- [ RunTime:0.000403s ]
INFO: [ app_end ] --START--
INFO: Run Behavior\ShowPageTraceBehavior [ RunTime:0.000491s ]
INFO: [ app_end ] --END-- [ RunTime:0.000543s ]

[ 2020-06-12T21:59:00+08:00 ] 66.249.79.243 /index.php?g=portal&m=page&a=news&id=25
INFO: [ app_init ] --START--
INFO: Run Behavior\BuildLiteBehavior [ RunTime:0.000013s ]
INFO: Run Common\Behavior\InitHookBehavior [ RunTime:0.000877s ]
INFO: [ app_init ] --END-- [ RunTime:0.001137s ]
INFO: [ app_begin ] --START--
INFO: Run Behavior\ReadHtmlCacheBehavior [ RunTime:0.000443s ]
INFO: Run Behavior\CheckLangBehavior [ RunTime:0.000390s ]
INFO: [ app_begin ] --END-- [ RunTime:0.000885s ]
INFO: [ view_parse ] --START--
INFO: [ template_filter ] --START--
INFO: Run Behavior\ContentReplaceBehavior [ RunTime:0.000051s ]
INFO: [ template_filter ] --END-- [ RunTime:0.000093s ]
NOTIC: [8] Undefined variable: user /www/wwwroot/demo20.nut5g.com/data/runtime/Cache/Portal/4e7d45d3c7a6effe724595d64ca9eae6.php 第 35 行.
INFO: Run Behavior\ParseTemplateBehavior [ RunTime:0.008178s ]
INFO: [ view_parse ] --END-- [ RunTime:0.008219s ]
INFO: [ view_filter ] --START--
INFO: Run Behavior\WriteHtmlCacheBehavior [ RunTime:0.000134s ]
INFO: Run Common\Behavior\TmplStripSpaceBehavior [ RunTime:0.000134s ]
INFO: [ view_filter ] --END-- [ RunTime:0.000308s ]
INFO: [ app_end ] --START--
INFO: Run Behavior\ShowPageTraceBehavior [ RunTime:0.000336s ]
INFO: [ app_end ] --END-- [ RunTime:0.000362s ]

[ 2020-06-12T22:05:21+08:00 ] 66.249.79.243 /index.php?g=portal&m=page&a=record&id=11955
INFO: [ app_init ] --START--
INFO: Run Behavior\BuildLiteBehavior [ RunTime:0.000018s ]
INFO: Run Common\Behavior\InitHookBehavior [ RunTime:0.001357s ]
INFO: [ app_init ] --END-- [ RunTime:0.001741s ]
INFO: [ app_begin ] --START--
INFO: Run Behavior\ReadHtmlCacheBehavior [ RunTime:0.000502s ]
INFO: Run Behavior\CheckLangBehavior [ RunTime:0.000597s ]
INFO: [ app_begin ] --END-- [ RunTime:0.001175s ]
NOTIC: [8] Undefined index: game_switch /www/wwwroot/demo20.nut5g.com/application/Common/Common/function.php 第 1912 行.
NOTIC: [8] Undefined index: game_switch /www/wwwroot/demo20.nut5g.com/application/Common/Common/function.php 第 1912 行.
NOTIC: [8] Undefined variable: level_a /www/wwwroot/demo20.nut5g.com/application/Common/Common/function.php 第 1961 行.
NOTIC: [8] Undefined index: game_switch /www/wwwroot/demo20.nut5g.com/application/Common/Common/function.php 第 1912 行.
NOTIC: [8] Undefined index: game_switch /www/wwwroot/demo20.nut5g.com/application/Common/Common/function.php 第 1912 行.
NOTIC: [8] Undefined variable: level_a /www/wwwroot/demo20.nut5g.com/application/Common/Common/function.php 第 1984 行.
INFO: [ view_parse ] --START--
INFO: [ template_filter ] --START--
INFO: Run Behavior\ContentReplaceBehavior [ RunTime:0.000061s ]
INFO: [ template_filter ] --END-- [ RunTime:0.000106s ]
INFO: Run Behavior\ParseTemplateBehavior [ RunTime:0.009249s ]
INFO: [ view_parse ] --END-- [ RunTime:0.009288s ]
INFO: [ view_filter ] --START--
INFO: Run Behavior\WriteHtmlCacheBehavior [ RunTime:0.000138s ]
INFO: Run Common\Behavior\TmplStripSpaceBehavior [ RunTime:0.000151s ]
INFO: [ view_filter ] --END-- [ RunTime:0.000324s ]
INFO: [ app_end ] --START--
INFO: Run Behavior\ShowPageTraceBehavior [ RunTime:0.000402s ]
INFO: [ app_end ] --END-- [ RunTime:0.000432s ]

[ 2020-06-12T22:06:43+08:00 ] 66.249.79.243 /index.php?g=portal&m=page&a=record&id=11958
INFO: [ app_init ] --START--
INFO: Run Behavior\BuildLiteBehavior [ RunTime:0.000012s ]
INFO: Run Common\Behavior\InitHookBehavior [ RunTime:0.000918s ]
INFO: [ app_init ] --END-- [ RunTime:0.001174s ]
INFO: [ app_begin ] --START--
INFO: Run Behavior\ReadHtmlCacheBehavior [ RunTime:0.000362s ]
INFO: Run Behavior\CheckLangBehavior [ RunTime:0.000457s ]
INFO: [ app_begin ] --END-- [ RunTime:0.000872s ]
NOTIC: [8] Undefined index: game_switch /www/wwwroot/demo20.nut5g.com/application/Common/Common/function.php 第 1912 行.
NOTIC: [8] Undefined index: game_switch /www/wwwroot/demo20.nut5g.com/application/Common/Common/function.php 第 1912 行.
NOTIC: [8] Undefined variable: level_a /www/wwwroot/demo20.nut5g.com/application/Common/Common/function.php 第 1961 行.
NOTIC: [8] Undefined index: game_switch /www/wwwroot/demo20.nut5g.com/application/Common/Common/function.php 第 1912 行.
NOTIC: [8] Undefined index: game_switch /www/wwwroot/demo20.nut5g.com/application/Common/Common/function.php 第 1912 行.
NOTIC: [8] Undefined variable: level_a /www/wwwroot/demo20.nut5g.com/application/Common/Common/function.php 第 1984 行.
INFO: [ view_parse ] --START--
INFO: [ template_filter ] --START--
INFO: Run Behavior\ContentReplaceBehavior [ RunTime:0.000079s ]
INFO: [ template_filter ] --END-- [ RunTime:0.000142s ]
INFO: Run Behavior\ParseTemplateBehavior [ RunTime:0.012038s ]
INFO: [ view_parse ] --END-- [ RunTime:0.012087s ]
INFO: [ view_filter ] --START--
INFO: Run Behavior\WriteHtmlCacheBehavior [ RunTime:0.000224s ]
INFO: Run Common\Behavior\TmplStripSpaceBehavior [ RunTime:0.000181s ]
INFO: [ view_filter ] --END-- [ RunTime:0.000463s ]
INFO: [ app_end ] --START--
INFO: Run Behavior\ShowPageTraceBehavior [ RunTime:0.000361s ]
INFO: [ app_end ] --END-- [ RunTime:0.000388s ]

[ 2020-06-12T22:40:25+08:00 ] 72.79.58.112 /index.php?g=portal&m=page&a=news&id=27
INFO: [ app_init ] --START--
INFO: Run Behavior\BuildLiteBehavior [ RunTime:0.000014s ]
INFO: Run Common\Behavior\InitHookBehavior [ RunTime:0.000908s ]
INFO: [ app_init ] --END-- [ RunTime:0.001208s ]
INFO: [ app_begin ] --START--
INFO: Run Behavior\ReadHtmlCacheBehavior [ RunTime:0.000321s ]
INFO: Run Behavior\CheckLangBehavior [ RunTime:0.000397s ]
INFO: [ app_begin ] --END-- [ RunTime:0.000779s ]
INFO: [ view_parse ] --START--
INFO: [ template_filter ] --START--
INFO: Run Behavior\ContentReplaceBehavior [ RunTime:0.000056s ]
INFO: [ template_filter ] --END-- [ RunTime:0.000099s ]
NOTIC: [8] Undefined variable: user /www/wwwroot/demo20.nut5g.com/data/runtime/Cache/Portal/4e7d45d3c7a6effe724595d64ca9eae6.php 第 35 行.
INFO: Run Behavior\ParseTemplateBehavior [ RunTime:0.008055s ]
INFO: [ view_parse ] --END-- [ RunTime:0.008094s ]
INFO: [ view_filter ] --START--
INFO: Run Behavior\WriteHtmlCacheBehavior [ RunTime:0.000131s ]
INFO: Run Common\Behavior\TmplStripSpaceBehavior [ RunTime:0.000139s ]
INFO: [ view_filter ] --END-- [ RunTime:0.000304s ]
INFO: [ app_end ] --START--
INFO: Run Behavior\ShowPageTraceBehavior [ RunTime:0.000397s ]
INFO: [ app_end ] --END-- [ RunTime:0.000425s ]

[ 2020-06-12T22:40:26+08:00 ] 72.79.58.112 /index.php?g=portal&m=page&a=news&id=27
INFO: [ app_init ] --START--
INFO: Run Behavior\BuildLiteBehavior [ RunTime:0.000014s ]
INFO: Run Common\Behavior\InitHookBehavior [ RunTime:0.000942s ]
INFO: [ app_init ] --END-- [ RunTime:0.001201s ]
INFO: [ app_begin ] --START--
INFO: Run Behavior\ReadHtmlCacheBehavior [ RunTime:0.000345s ]
INFO: Run Behavior\CheckLangBehavior [ RunTime:0.000389s ]
INFO: [ app_begin ] --END-- [ RunTime:0.000785s ]
INFO: [ view_parse ] --START--
INFO: [ template_filter ] --START--
INFO: Run Behavior\ContentReplaceBehavior [ RunTime:0.000055s ]
INFO: [ template_filter ] --END-- [ RunTime:0.000098s ]
NOTIC: [8] Undefined variable: user /www/wwwroot/demo20.nut5g.com/data/runtime/Cache/Portal/4e7d45d3c7a6effe724595d64ca9eae6.php 第 35 行.
INFO: Run Behavior\ParseTemplateBehavior [ RunTime:0.007660s ]
INFO: [ view_parse ] --END-- [ RunTime:0.007702s ]
INFO: [ view_filter ] --START--
INFO: Run Behavior\WriteHtmlCacheBehavior [ RunTime:0.000136s ]
INFO: Run Common\Behavior\TmplStripSpaceBehavior [ RunTime:0.000301s ]
INFO: [ view_filter ] --END-- [ RunTime:0.000491s ]
INFO: [ app_end ] --START--
INFO: Run Behavior\ShowPageTraceBehavior [ RunTime:0.000346s ]
INFO: [ app_end ] --END-- [ RunTime:0.000377s ]

[ 2020-06-12T22:40:27+08:00 ] 72.79.58.112 /index.php?g=portal&m=page&a=news&id=28
INFO: [ app_init ] --START--
INFO: Run Behavior\BuildLiteBehavior [ RunTime:0.000013s ]
INFO: Run Common\Behavior\InitHookBehavior [ RunTime:0.000933s ]
INFO: [ app_init ] --END-- [ RunTime:0.001214s ]
INFO: [ app_begin ] --START--
INFO: Run Behavior\ReadHtmlCacheBehavior [ RunTime:0.000358s ]
INFO: Run Behavior\CheckLangBehavior [ RunTime:0.000382s ]
INFO: [ app_begin ] --END-- [ RunTime:0.000796s ]
INFO: [ view_parse ] --START--
INFO: [ template_filter ] --START--
INFO: Run Behavior\ContentReplaceBehavior [ RunTime:0.000081s ]
INFO: [ template_filter ] --END-- [ RunTime:0.000147s ]
NOTIC: [8] Undefined variable: user /www/wwwroot/demo20.nut5g.com/data/runtime/Cache/Portal/4e7d45d3c7a6effe724595d64ca9eae6.php 第 35 行.
INFO: Run Behavior\ParseTemplateBehavior [ RunTime:0.012279s ]
INFO: [ view_parse ] --END-- [ RunTime:0.012343s ]
INFO: [ view_filter ] --START--
INFO: Run Behavior\WriteHtmlCacheBehavior [ RunTime:0.000237s ]
INFO: Run Common\Behavior\TmplStripSpaceBehavior [ RunTime:0.000240s ]
INFO: [ view_filter ] --END-- [ RunTime:0.000544s ]
INFO: [ app_end ] --START--
INFO: Run Behavior\ShowPageTraceBehavior [ RunTime:0.000516s ]
INFO: [ app_end ] --END-- [ RunTime:0.000564s ]

[ 2020-06-12T22:40:27+08:00 ] 72.79.58.112 /index.php?g=portal&m=page&a=news&id=28
INFO: [ app_init ] --START--
INFO: Run Behavior\BuildLiteBehavior [ RunTime:0.000013s ]
INFO: Run Common\Behavior\InitHookBehavior [ RunTime:0.000927s ]
INFO: [ app_init ] --END-- [ RunTime:0.001182s ]
INFO: [ app_begin ] --START--
INFO: Run Behavior\ReadHtmlCacheBehavior [ RunTime:0.000339s ]
INFO: Run Behavior\CheckLangBehavior [ RunTime:0.000366s ]
INFO: [ app_begin ] --END-- [ RunTime:0.000753s ]
INFO: [ view_parse ] --START--
INFO: [ template_filter ] --START--
INFO: Run Behavior\ContentReplaceBehavior [ RunTime:0.000055s ]
INFO: [ template_filter ] --END-- [ RunTime:0.000100s ]
NOTIC: [8] Undefined variable: user /www/wwwroot/demo20.nut5g.com/data/runtime/Cache/Portal/4e7d45d3c7a6effe724595d64ca9eae6.php 第 35 行.
INFO: Run Behavior\ParseTemplateBehavior [ RunTime:0.009308s ]
INFO: [ view_parse ] --END-- [ RunTime:0.009374s ]
INFO: [ view_filter ] --START--
INFO: Run Behavior\WriteHtmlCacheBehavior [ RunTime:0.000138s ]
INFO: Run Common\Behavior\TmplStripSpaceBehavior [ RunTime:0.000136s ]
INFO: [ view_filter ] --END-- [ RunTime:0.000308s ]
INFO: [ app_end ] --START--
INFO: Run Behavior\ShowPageTraceBehavior [ RunTime:0.000415s ]
INFO: [ app_end ] --END-- [ RunTime:0.000445s ]

[ 2020-06-12T22:40:29+08:00 ] 72.79.58.112 /index.php?g=portal&m=page&a=news&id=26
INFO: [ app_init ] --START--
INFO: Run Behavior\BuildLiteBehavior [ RunTime:0.000012s ]
INFO: Run Common\Behavior\InitHookBehavior [ RunTime:0.000902s ]
INFO: [ app_init ] --END-- [ RunTime:0.001151s ]
INFO: [ app_begin ] --START--
INFO: Run Behavior\ReadHtmlCacheBehavior [ RunTime:0.000314s ]
INFO: Run Behavior\CheckLangBehavior [ RunTime:0.000385s ]
INFO: [ app_begin ] --END-- [ RunTime:0.000748s ]
INFO: [ view_parse ] --START--
INFO: [ template_filter ] --START--
INFO: Run Behavior\ContentReplaceBehavior [ RunTime:0.000068s ]
INFO: [ template_filter ] --END-- [ RunTime:0.000121s ]
NOTIC: [8] Undefined variable: user /www/wwwroot/demo20.nut5g.com/data/runtime/Cache/Portal/4e7d45d3c7a6effe724595d64ca9eae6.php 第 35 行.
INFO: Run Behavior\ParseTemplateBehavior [ RunTime:0.008556s ]
INFO: [ view_parse ] --END-- [ RunTime:0.008594s ]
INFO: [ view_filter ] --START--
INFO: Run Behavior\WriteHtmlCacheBehavior [ RunTime:0.000158s ]
INFO: Run Common\Behavior\TmplStripSpaceBehavior [ RunTime:0.000178s ]
INFO: [ view_filter ] --END-- [ RunTime:0.000390s ]
INFO: [ app_end ] --START--
INFO: Run Behavior\ShowPageTraceBehavior [ RunTime:0.000325s ]
INFO: [ app_end ] --END-- [ RunTime:0.000361s ]

[ 2020-06-12T22:40:30+08:00 ] 72.79.58.112 /index.php?g=portal&m=page&a=news&id=26
INFO: [ app_init ] --START--
INFO: Run Behavior\BuildLiteBehavior [ RunTime:0.000013s ]
INFO: Run Common\Behavior\InitHookBehavior [ RunTime:0.000979s ]
INFO: [ app_init ] --END-- [ RunTime:0.001277s ]
INFO: [ app_begin ] --START--
INFO: Run Behavior\ReadHtmlCacheBehavior [ RunTime:0.000336s ]
INFO: Run Behavior\CheckLangBehavior [ RunTime:0.000403s ]
INFO: [ app_begin ] --END-- [ RunTime:0.000791s ]
INFO: [ view_parse ] --START--
INFO: [ template_filter ] --START--
INFO: Run Behavior\ContentReplaceBehavior [ RunTime:0.000053s ]
INFO: [ template_filter ] --END-- [ RunTime:0.000099s ]
NOTIC: [8] Undefined variable: user /www/wwwroot/demo20.nut5g.com/data/runtime/Cache/Portal/4e7d45d3c7a6effe724595d64ca9eae6.php 第 35 行.
INFO: Run Behavior\ParseTemplateBehavior [ RunTime:0.007817s ]
INFO: [ view_parse ] --END-- [ RunTime:0.007859s ]
INFO: [ view_filter ] --START--
INFO: Run Behavior\WriteHtmlCacheBehavior [ RunTime:0.000149s ]
INFO: Run Common\Behavior\TmplStripSpaceBehavior [ RunTime:0.000134s ]
INFO: [ view_filter ] --END-- [ RunTime:0.000316s ]
INFO: [ app_end ] --START--
INFO: Run Behavior\ShowPageTraceBehavior [ RunTime:0.000373s ]
INFO: [ app_end ] --END-- [ RunTime:0.000401s ]

[ 2020-06-12T22:40:31+08:00 ] 72.79.58.112 /index.php?g=portal&m=page&a=news&id=25
INFO: [ app_init ] --START--
INFO: Run Behavior\BuildLiteBehavior [ RunTime:0.000014s ]
INFO: Run Common\Behavior\InitHookBehavior [ RunTime:0.001073s ]
INFO: [ app_init ] --END-- [ RunTime:0.001352s ]
INFO: [ app_begin ] --START--
INFO: Run Behavior\ReadHtmlCacheBehavior [ RunTime:0.000437s ]
INFO: Run Behavior\CheckLangBehavior [ RunTime:0.000511s ]
INFO: [ app_begin ] --END-- [ RunTime:0.001011s ]
INFO: [ view_parse ] --START--
INFO: [ template_filter ] --START--
INFO: Run Behavior\ContentReplaceBehavior [ RunTime:0.000052s ]
INFO: [ template_filter ] --END-- [ RunTime:0.000096s ]
NOTIC: [8] Undefined variable: user /www/wwwroot/demo20.nut5g.com/data/runtime/Cache/Portal/4e7d45d3c7a6effe724595d64ca9eae6.php 第 35 行.
INFO: Run Behavior\ParseTemplateBehavior [ RunTime:0.008090s ]
INFO: [ view_parse ] --END-- [ RunTime:0.008130s ]
INFO: [ view_filter ] --START--
INFO: Run Behavior\WriteHtmlCacheBehavior [ RunTime:0.000132s ]
INFO: Run Common\Behavior\TmplStripSpaceBehavior [ RunTime:0.000133s ]
INFO: [ view_filter ] --END-- [ RunTime:0.000298s ]
INFO: [ app_end ] --START--
INFO: Run Behavior\ShowPageTraceBehavior [ RunTime:0.000339s ]
INFO: [ app_end ] --END-- [ RunTime:0.000378s ]

[ 2020-06-12T22:40:32+08:00 ] 72.79.58.112 /index.php?g=portal&m=page&a=news&id=25
INFO: [ app_init ] --START--
INFO: Run Behavior\BuildLiteBehavior [ RunTime:0.000012s ]
INFO: Run Common\Behavior\InitHookBehavior [ RunTime:0.000912s ]
INFO: [ app_init ] --END-- [ RunTime:0.001156s ]
INFO: [ app_begin ] --START--
INFO: Run Behavior\ReadHtmlCacheBehavior [ RunTime:0.000310s ]
INFO: Run Behavior\CheckLangBehavior [ RunTime:0.000394s ]
INFO: [ app_begin ] --END-- [ RunTime:0.000755s ]
INFO: [ view_parse ] --START--
INFO: [ template_filter ] --START--
INFO: Run Behavior\ContentReplaceBehavior [ RunTime:0.000051s ]
INFO: [ template_filter ] --END-- [ RunTime:0.000092s ]
NOTIC: [8] Undefined variable: user /www/wwwroot/demo20.nut5g.com/data/runtime/Cache/Portal/4e7d45d3c7a6effe724595d64ca9eae6.php 第 35 行.
INFO: Run Behavior\ParseTemplateBehavior [ RunTime:0.007516s ]
INFO: [ view_parse ] --END-- [ RunTime:0.007553s ]
INFO: [ view_filter ] --START--
INFO: Run Behavior\WriteHtmlCacheBehavior [ RunTime:0.000175s ]
INFO: Run Common\Behavior\TmplStripSpaceBehavior [ RunTime:0.000136s ]
INFO: [ view_filter ] --END-- [ RunTime:0.000347s ]
INFO: [ app_end ] --START--
INFO: Run Behavior\ShowPageTraceBehavior [ RunTime:0.000319s ]
INFO: [ app_end ] --END-- [ RunTime:0.000343s ]

[ 2020-06-12T22:40:44+08:00 ] 72.79.58.112 /index.php?g=portal&m=page&a=news&id=27
INFO: [ app_init ] --START--
INFO: Run Behavior\BuildLiteBehavior [ RunTime:0.000019s ]
INFO: Run Common\Behavior\InitHookBehavior [ RunTime:0.001262s ]
INFO: [ app_init ] --END-- [ RunTime:0.001677s ]
INFO: [ app_begin ] --START--
INFO: Run Behavior\ReadHtmlCacheBehavior [ RunTime:0.000400s ]
INFO: Run Behavior\CheckLangBehavior [ RunTime:0.000412s ]
INFO: [ app_begin ] --END-- [ RunTime:0.000869s ]
INFO: [ view_parse ] --START--
INFO: [ template_filter ] --START--
INFO: Run Behavior\ContentReplaceBehavior [ RunTime:0.000063s ]
INFO: [ template_filter ] --END-- [ RunTime:0.000117s ]
NOTIC: [8] Undefined variable: user /www/wwwroot/demo20.nut5g.com/data/runtime/Cache/Portal/4e7d45d3c7a6effe724595d64ca9eae6.php 第 35 行.
INFO: Run Behavior\ParseTemplateBehavior [ RunTime:0.007723s ]
INFO: [ view_parse ] --END-- [ RunTime:0.007767s ]
INFO: [ view_filter ] --START--
INFO: Run Behavior\WriteHtmlCacheBehavior [ RunTime:0.000154s ]
INFO: Run Common\Behavior\TmplStripSpaceBehavior [ RunTime:0.000169s ]
INFO: [ view_filter ] --END-- [ RunTime:0.000359s ]
INFO: [ app_end ] --START--
INFO: Run Behavior\ShowPageTraceBehavior [ RunTime:0.000343s ]
INFO: [ app_end ] --END-- [ RunTime:0.000374s ]

[ 2020-06-12T22:40:44+08:00 ] 72.79.58.112 /index.php?g=portal&m=page&a=news&id=27
INFO: [ app_init ] --START--
INFO: Run Behavior\BuildLiteBehavior [ RunTime:0.000012s ]
INFO: Run Common\Behavior\InitHookBehavior [ RunTime:0.000863s ]
INFO: [ app_init ] --END-- [ RunTime:0.001120s ]
INFO: [ app_begin ] --START--
INFO: Run Behavior\ReadHtmlCacheBehavior [ RunTime:0.000326s ]
INFO: Run Behavior\CheckLangBehavior [ RunTime:0.000367s ]
INFO: [ app_begin ] --END-- [ RunTime:0.000743s ]
INFO: [ view_parse ] --START--
INFO: [ template_filter ] --START--
INFO: Run Behavior\ContentReplaceBehavior [ RunTime:0.000053s ]
INFO: [ template_filter ] --END-- [ RunTime:0.000097s ]
NOTIC: [8] Undefined variable: user /www/wwwroot/demo20.nut5g.com/data/runtime/Cache/Portal/4e7d45d3c7a6effe724595d64ca9eae6.php 第 35 行.
INFO: Run Behavior\ParseTemplateBehavior [ RunTime:0.007842s ]
INFO: [ view_parse ] --END-- [ RunTime:0.007881s ]
INFO: [ view_filter ] --START--
INFO: Run Behavior\WriteHtmlCacheBehavior [ RunTime:0.000143s ]
INFO: Run Common\Behavior\TmplStripSpaceBehavior [ RunTime:0.000144s ]
INFO: [ view_filter ] --END-- [ RunTime:0.000332s ]
INFO: [ app_end ] --START--
INFO: Run Behavior\ShowPageTraceBehavior [ RunTime:0.000365s ]
INFO: [ app_end ] --END-- [ RunTime:0.000396s ]

[ 2020-06-12T22:40:45+08:00 ] 72.79.58.112 /index.php?g=portal&m=page&a=news&id=28
INFO: [ app_init ] --START--
INFO: Run Behavior\BuildLiteBehavior [ RunTime:0.000017s ]
INFO: Run Common\Behavior\InitHookBehavior [ RunTime:0.001042s ]
INFO: [ app_init ] --END-- [ RunTime:0.001329s ]
INFO: [ app_begin ] --START--
INFO: Run Behavior\ReadHtmlCacheBehavior [ RunTime:0.000365s ]
INFO: Run Behavior\CheckLangBehavior [ RunTime:0.000452s ]
INFO: [ app_begin ] --END-- [ RunTime:0.000878s ]
INFO: [ view_parse ] --START--
INFO: [ template_filter ] --START--
INFO: Run Behavior\ContentReplaceBehavior [ RunTime:0.000053s ]
INFO: [ template_filter ] --END-- [ RunTime:0.000099s ]
NOTIC: [8] Undefined variable: user /www/wwwroot/demo20.nut5g.com/data/runtime/Cache/Portal/4e7d45d3c7a6effe724595d64ca9eae6.php 第 35 行.
INFO: Run Behavior\ParseTemplateBehavior [ RunTime:0.008528s ]
INFO: [ view_parse ] --END-- [ RunTime:0.008584s ]
INFO: [ view_filter ] --START--
INFO: Run Behavior\WriteHtmlCacheBehavior [ RunTime:0.000165s ]
INFO: Run Common\Behavior\TmplStripSpaceBehavior [ RunTime:0.000158s ]
INFO: [ view_filter ] --END-- [ RunTime:0.000367s ]
INFO: [ app_end ] --START--
INFO: Run Behavior\ShowPageTraceBehavior [ RunTime:0.000340s ]
INFO: [ app_end ] --END-- [ RunTime:0.000365s ]

[ 2020-06-12T22:40:45+08:00 ] 72.79.58.112 /index.php?g=portal&m=page&a=news&id=28
INFO: [ app_init ] --START--
INFO: Run Behavior\BuildLiteBehavior [ RunTime:0.000013s ]
INFO: Run Common\Behavior\InitHookBehavior [ RunTime:0.000891s ]
INFO: [ app_init ] --END-- [ RunTime:0.001145s ]
INFO: [ app_begin ] --START--
INFO: Run Behavior\ReadHtmlCacheBehavior [ RunTime:0.000316s ]
INFO: Run Behavior\CheckLangBehavior [ RunTime:0.000381s ]
INFO: [ app_begin ] --END-- [ RunTime:0.000748s ]
INFO: [ view_parse ] --START--
INFO: [ template_filter ] --START--
INFO: Run Behavior\ContentReplaceBehavior [ RunTime:0.000080s ]
INFO: [ template_filter ] --END-- [ RunTime:0.000141s ]
NOTIC: [8] Undefined variable: user /www/wwwroot/demo20.nut5g.com/data/runtime/Cache/Portal/4e7d45d3c7a6effe724595d64ca9eae6.php 第 35 行.
INFO: Run Behavior\ParseTemplateBehavior [ RunTime:0.012613s ]
INFO: [ view_parse ] --END-- [ RunTime:0.012677s ]
INFO: [ view_filter ] --START--
INFO: Run Behavior\WriteHtmlCacheBehavior [ RunTime:0.000203s ]
INFO: Run Common\Behavior\TmplStripSpaceBehavior [ RunTime:0.000209s ]
INFO: [ view_filter ] --END-- [ RunTime:0.000471s ]
INFO: [ app_end ] --START--
INFO: Run Behavior\ShowPageTraceBehavior [ RunTime:0.000545s ]
INFO: [ app_end ] --END-- [ RunTime:0.000591s ]

[ 2020-06-12T22:40:46+08:00 ] 72.79.58.112 /index.php?g=portal&m=page&a=news&id=25
INFO: [ app_init ] --START--
INFO: Run Behavior\BuildLiteBehavior [ RunTime:0.000012s ]
INFO: Run Common\Behavior\InitHookBehavior [ RunTime:0.000911s ]
INFO: [ app_init ] --END-- [ RunTime:0.001170s ]
INFO: [ app_begin ] --START--
INFO: Run Behavior\ReadHtmlCacheBehavior [ RunTime:0.000361s ]
INFO: Run Behavior\CheckLangBehavior [ RunTime:0.000377s ]
INFO: [ app_begin ] --END-- [ RunTime:0.000793s ]
INFO: [ view_parse ] --START--
INFO: [ template_filter ] --START--
INFO: Run Behavior\ContentReplaceBehavior [ RunTime:0.000064s ]
INFO: [ template_filter ] --END-- [ RunTime:0.000117s ]
NOTIC: [8] Undefined variable: user /www/wwwroot/demo20.nut5g.com/data/runtime/Cache/Portal/4e7d45d3c7a6effe724595d64ca9eae6.php 第 35 行.
INFO: Run Behavior\ParseTemplateBehavior [ RunTime:0.008251s ]
INFO: [ view_parse ] --END-- [ RunTime:0.008301s ]
INFO: [ view_filter ] --START--
INFO: Run Behavior\WriteHtmlCacheBehavior [ RunTime:0.000134s ]
INFO: Run Common\Behavior\TmplStripSpaceBehavior [ RunTime:0.000134s ]
INFO: [ view_filter ] --END-- [ RunTime:0.000303s ]
INFO: [ app_end ] --START--
INFO: Run Behavior\ShowPageTraceBehavior [ RunTime:0.000348s ]
INFO: [ app_end ] --END-- [ RunTime:0.000379s ]

[ 2020-06-12T22:40:47+08:00 ] 72.79.58.112 /index.php?g=portal&m=page&a=news&id=25
INFO: [ app_init ] --START--
INFO: Run Behavior\BuildLiteBehavior [ RunTime:0.000013s ]
INFO: Run Common\Behavior\InitHookBehavior [ RunTime:0.000861s ]
INFO: [ app_init ] --END-- [ RunTime:0.001134s ]
INFO: [ app_begin ] --START--
INFO: Run Behavior\ReadHtmlCacheBehavior [ RunTime:0.000343s ]
INFO: Run Behavior\CheckLangBehavior [ RunTime:0.000370s ]
INFO: [ app_begin ] --END-- [ RunTime:0.000763s ]
INFO: [ view_parse ] --START--
INFO: [ template_filter ] --START--
INFO: Run Behavior\ContentReplaceBehavior [ RunTime:0.000054s ]
INFO: [ template_filter ] --END-- [ RunTime:0.000100s ]
NOTIC: [8] Undefined variable: user /www/wwwroot/demo20.nut5g.com/data/runtime/Cache/Portal/4e7d45d3c7a6effe724595d64ca9eae6.php 第 35 行.
INFO: Run Behavior\ParseTemplateBehavior [ RunTime:0.008273s ]
INFO: [ view_parse ] --END-- [ RunTime:0.008316s ]
INFO: [ view_filter ] --START--
INFO: Run Behavior\WriteHtmlCacheBehavior [ RunTime:0.000147s ]
INFO: Run Common\Behavior\TmplStripSpaceBehavior [ RunTime:0.000135s ]
INFO: [ view_filter ] --END-- [ RunTime:0.000318s ]
INFO: [ app_end ] --START--
INFO: Run Behavior\ShowPageTraceBehavior [ RunTime:0.000345s ]
INFO: [ app_end ] --END-- [ RunTime:0.000374s ]

